<?xml version="1.0" encoding="UTF-8"?>
<testng-results skipped="0" failed="0" ignored="0" total="3" passed="3">
  <reporter-output>
  </reporter-output>
  <suite name="Default suite" duration-ms="119196" started-at="2020-04-10T08:25:25Z" finished-at="2020-04-10T08:27:24Z">
    <groups>
      <group name="Group1">
        <method signature="LoginPageTest.loginPageTitleTest()[pri:1, instance:test.java.testscripts.LoginPageTest@34086acd]" name="loginPageTitleTest" class="test.java.testscripts.LoginPageTest"/>
      </group> <!-- Group1 -->
      <group name="Group2">
        <method signature="LoginPageTest.loginTest()[pri:2, instance:test.java.testscripts.LoginPageTest@34086acd]" name="loginTest" class="test.java.testscripts.LoginPageTest"/>
      </group> <!-- Group2 -->
    </groups>
    <test name="Default test" duration-ms="119196" started-at="2020-04-10T08:25:25Z" finished-at="2020-04-10T08:27:24Z">
      <class name="test.java.testscripts.LoginPageTest">
        <test-method status="PASS" signature="beforeTest()[pri:0, instance:test.java.testscripts.LoginPageTest@34086acd]" name="beforeTest" is-config="true" duration-ms="12371" started-at="2020-04-10T13:55:25Z" finished-at="2020-04-10T13:55:38Z">
          <reporter-output>
          </reporter-output>
        </test-method> <!-- beforeTest -->
        <test-method status="PASS" signature="loginPageTitleTest()[pri:1, instance:test.java.testscripts.LoginPageTest@34086acd]" name="loginPageTitleTest" duration-ms="52" started-at="2020-04-10T13:55:38Z" finished-at="2020-04-10T13:55:38Z">
          <reporter-output>
          </reporter-output>
        </test-method> <!-- loginPageTitleTest -->
        <test-method status="PASS" signature="loginTest()[pri:2, instance:test.java.testscripts.LoginPageTest@34086acd]" name="loginTest" duration-ms="105754" started-at="2020-04-10T13:55:38Z" finished-at="2020-04-10T13:57:23Z">
          <reporter-output>
          </reporter-output>
        </test-method> <!-- loginTest -->
        <test-method status="PASS" signature="verifyHomePageTitleTest()[pri:3, instance:test.java.testscripts.LoginPageTest@34086acd]" name="verifyHomePageTitleTest" duration-ms="81" started-at="2020-04-10T13:57:23Z" finished-at="2020-04-10T13:57:23Z">
          <reporter-output>
          </reporter-output>
        </test-method> <!-- verifyHomePageTitleTest -->
        <test-method status="PASS" signature="afterTest()[pri:0, instance:test.java.testscripts.LoginPageTest@34086acd]" name="afterTest" is-config="true" duration-ms="902" started-at="2020-04-10T13:57:23Z" finished-at="2020-04-10T13:57:24Z">
          <reporter-output>
          </reporter-output>
        </test-method> <!-- afterTest -->
      </class> <!-- test.java.testscripts.LoginPageTest -->
    </test> <!-- Default test -->
  </suite> <!-- Default suite -->
</testng-results>
