<?xml version="1.0" encoding="UTF-8"?>
<!-- Generated by org.testng.reporters.JUnitXMLReporter -->
<testsuite hostname="HYDPCM01001813L" ignored="0" name="Default test" tests="3" failures="0" timestamp="10 Apr 2020 08:27:24 GMT" time="119.196" errors="0">
  <testcase name="loginPageTitleTest" time="0.052" classname="test.java.testscripts.LoginPageTest"/>
  <testcase name="loginTest" time="105.754" classname="test.java.testscripts.LoginPageTest"/>
  <testcase name="verifyHomePageTitleTest" time="0.081" classname="test.java.testscripts.LoginPageTest"/>
</testsuite> <!-- Default test -->
